           2           0           1
           2           1           1
           2           0           2
           2           1           2
           2           0           3
           2           1           3
           2           0           4
           2           1           4
           2           0           5
           2           1           5
           2           0           6
           2           1           6
           2           0           7
           2           1           7
           2           1           8
           2           0           8
           2           0           9
           2           1           9
           2           1          10
           2           0          10
           2           0          11
           2           1          11
           2           1          12
           2           0          12
           2           0          13
           2           1          13
           2           1          14
           2           0          14
           2           0          15
           2           1          15
           2           1          16
           2           0          16
           2           0          17
           2           1          17
           2           1          18
           2           0          18
           2           0          19
           2           1          19
           2           0          20
           2           1          20
           2           1          21
           2           0          21
           2           0          22
           2           1          22
           2           1          23
           2           0          23
           2           0          24
           2           1          24
           2           1          25
           2           0          25
           2           0          26
           2           1          26
           2           1          27
           2           0          27
           2           0          28
           2           1          28
           2           1          29
           2           0          29
           2           0          30
           2           1          30
           2           1          31
           2           0          31
           2           0          32
           2           1          32
           2           1          33
           2           0          33
           2           0          34
           2           1          34
           2           1          35
           2           0          35
           2           0          36
           2           1          36
           2           1          37
           2           0          37
           2           0          38
           2           1          38
           2           1          39
           2           0          39
           2           0          40
           2           1          40
           2           1          41
           2           0          41
           2           0          42
           2           1          42
           2           1          43
           2           0          43
           2           0          44
           2           1          44
           2           1          45
           2           0          45
           2           0          46
           2           1          46
           2           1          47
           2           0          47
           2           0          48
           2           1          48
           2           1          49
           2           0          49
           2           0          50
           2           1          50
           2           1          51
           2           0          51
           2           0          52
           2           1          52
           2           1          53
           2           0          53
           2           0          54
           2           1          54
           2           1          55
           2           0          55
           2           0          56
           2           1          56
           2           1          57
           2           0          57
           2           0          58
           2           1          58
           2           1          59
           2           0          59
           2           0          60
           2           1          60
           2           0          61
           2           1          61
           2           0          62
           2           1          62
           2           0          63
           2           1          63
           2           0          64
           2           1          64
           2           1          65
           2           0          65
           2           0          66
           2           1          66
           2           1          67
           2           0          67
           2           0          68
           2           1          68
           2           1          69
           2           0          69
           2           0          70
           2           1          70
           2           1          71
           2           0          71
           2           0          72
           2           1          72
           2           1          73
           2           0          73
           2           0          74
           2           1          74
           2           0          75
           2           1          75
           2           0          76
           2           1          76
           2           0          77
           2           1          77
           2           0          78
           2           1          78
           2           0          79
           2           1          79
           2           0          80
           2           1          80
           2           0          81
           2           1          81
           2           0          82
           2           1          82
           2           0          83
           2           1          83
           2           1          84
           2           0          84
           2           0          85
           2           1          85
           2           0          86
           2           1          86
           2           0          87
           2           1          87
           2           0          88
           2           1          88
           2           0          89
           2           1          89
           2           0          90
           2           1          90
           2           0          91
           2           1          91
           2           0          92
           2           1          92
           2           0          93
           2           1          93
           2           0          94
           2           1          94
           2           0          95
           2           1          95
           2           0          96
           2           1          96
           2           0          97
           2           1          97
           2           0          98
           2           1          98
           2           1          99
           2           1         100
           2           0          99
           2           1         101
           2           0         100
           2           0         101
           2           0         102
           2           1         102
           2           1         103
           2           1         104
           2           0         103
           2           1         105
           2           0         104
           2           0         105
           2           0         106
           2           1         106
           2           1         107
           2           0         107
           2           1         108
           2           0         108
           2           0         109
           2           1         109
           2           1         110
           2           0         110
           2           0         111
           2           0         112
           2           1         111
           2           0         113
           2           0         114
           2           1         112
           2           1         113
           2           1         114
           2           0         115
           2           0         116
           2           1         115
           2           1         116
           2           1         117
           2           0         117
           2           0         118
           2           1         118
           2           1         119
           2           0         119
           2           0         120
           2           0         121
           2           1         120
           2           1         121
           2           1         122
           2           0         122
           2           0         123
           2           0         124
           2           1         123
           2           0         125
           2           1         124
           2           1         125
           2           1         126
           2           0         126
           2           0         127
           2           1         127
           2           1         128
           2           0         128
           2           0         129
           2           0         130
           2           1         129
           2           1         130
           2           0         131
           2           0         132
           2           1         131
           2           1         132
           2           0         133
           2           0         134
           2           1         133
           2           1         134
           2           1         135
           2           0         135
           2           1         136
           2           0         136
           2           0         137
           2           1         137
           2           1         138
           2           1         139
           2           0         138
           2           0         139
           2           0         140
           2           0         141
           2           1         140
           2           1         141
           2           1         142
           2           1         143
           2           1         144
           2           1         145
           2           0         142
           2           0         143
           2           0         144
           2           1         146
           2           0         145
           2           0         146
           2           0         147
           2           1         147
           2           1         148
           2           0         148
           2           1         149
           2           0         149
           2           0         150
           2           1         150
           2           1         151
           2           0         151
           2           0         152
           2           1         152
           2           0         153
           2           1         153
           2           1         154
           2           1         155
           2           0         154
           2           0         155
           2           0         156
           2           0         157
           2           1         156
           2           0         158
           2           1         157
           2           1         158
           2           1         159
           2           0         159
           2           0         160
           2           0         161
           2           1         160
           2           1         161
           2           0         162
           2           1         162
           2           1         163
           2           0         163
           2           0         164
           2           0         165
           2           1         164
           2           1         165
           2           0         166
           2           0         167
           2           1         166
           2           1         167
           2           1         168
           2           1         169
           2           0         168
           2           0         169
           2           1         170
           2           0         170
           2           0         171
           2           1         171
           2           1         172
           2           1         173
           2           0         172
           2           1         174
           2           0         173
           2           0         174
           2           0         175
           2           1         175
           2           1         176
           2           1         177
           2           0         176
           2           1         178
           2           0         177
           2           0         178
           2           0         179
           2           1         179
           2           1         180
           2           0         180
           2           1         181
           2           0         181
           2           1         182
           2           1         183
           2           0         182
           2           0         183
           2           0         184
           2           0         185
           2           1         184
           2           0         186
           2           0         187
           2           1         185
           2           1         186
           2           0         188
           2           1         187
           2           1         188
           2           1         189
           2           0         189
           2           0         190
           2           0         191
           2           0         192
           2           1         190
           2           1         191
           2           0         193
           2           0         194
           2           1         192
           2           1         193
           2           1         194
           2           1         195
           2           0         195
           2           0         196
           2           0         197
           2           1         196
           2           1         197
           2           0         198
           2           1         198
           2           0         199
           2           0         200
           2           1         199
           2           1         200
           2           1         201
           2           0         201
           2           0         202
           2           0         203
           2           1         202
           2           1         203
           2           0         204
           2           1         204
           2           1         205
           2           1         206
           2           0         205
           2           0         206
           2           1         207
           2           0         207
           2           0         208
           2           0         209
           2           1         208
           2           1         209
           2           1         210
           2           1         211
           2           0         210
           2           0         211
           2           1         212
           2           0         212
           2           0         213
           2           1         213
           2           1         214
           2           1         215
           2           0         214
           2           1         216
           2           0         215
           2           0         216
           2           0         217
           2           1         217
           2           1         218
           2           0         218
           2           0         219
           2           0         220
           2           1         219
           2           0         221
           2           0         222
           2           1         220
           2           1         221
           2           0         223
           2           0         224
           2           1         222
           2           1         223
           2           1         224
           2           0         225
           2           1         225
           2           1         226
           2           0         226
           2           0         227
           2           1         227
           2           1         228
           2           0         228
           2           0         229
           2           0         230
           2           1         229
           2           0         231
           2           0         232
           2           1         230
           2           1         231
           2           0         233
           2           1         232
           2           1         233
           2           0         234
           2           0         235
           2           1         234
           2           0         236
           2           1         235
           2           1         236
           2           0         237
           2           0         238
           2           1         237
           2           1         238
           2           0         239
           2           1         239
           2           1         240
           2           0         240
           2           1         241
           2           1         242
           2           0         241
           2           0         242
           2           1         243
           2           1         244
           2           0         243
           2           1         245
           2           1         246
           2           0         244
           2           0         245
           2           0         246
           2           0         247
           2           1         247
           2           1         248
           2           0         248
           2           0         249
           2           1         249
           2           1         250
           2           0         250
           2           0         251
           2           1         251
           2           1         252
           2           0         252
           2           0         253
           2           1         253
           2           1         254
           2           0         254
           2           0         255
           2           1         255
           2           1         256
           2           0         256
           2           0         257
           2           1         257
           2           1         258
           2           0         258
           2           1         259
           2           0         259
           2           0         260
           2           1         260
           2           0         261
           2           1         261
           2           1         262
           2           1         263
           2           0         262
           2           0         263
           2           0         264
           2           1         264
           2           1         265
           2           0         265
           2           0         266
           2           1         266
           2           1         267
           2           1         268
           2           0         267
           2           0         268
           2           1         269
           2           1         270
           2           0         269
           2           0         270
           2           1         271
           2           1         272
           2           0         271
           2           0         272
           2           0         273
           2           1         273
           2           1         274
           2           0         274
           2           0         275
           2           0         276
           2           1         275
           2           1         276
           2           1         277
           2           1         278
           2           0         277
           2           0         278
           2           1         279
           2           1         280
           2           1         281
           2           0         279
           2           0         280
           2           0         281
           2           1         282
           2           0         282
           2           0         283
           2           0         284
           2           0         285
           2           1         283
           2           1         284
           2           0         286
           2           1         285
           2           1         286
           2           1         287
           2           0         287
           2           0         288
           2           0         289
           2           0         290
           2           1         288
           2           1         289
           2           0         291
           2           1         290
           2           0         292
           2           0         293
           2           1         291
           2           1         292
           2           1         293
           2           1         294
           2           0         294
           2           0         295
           2           0         296
           2           1         295
           2           1         296
           2           1         297
           2           0         297
           2           0         298
           2           0         299
           2           0         300
           2           1         298
           2           1         299
           2           1         300
           2           0         301
           2           0         302
           2           0         303
           2           1         301
           2           1         302
           2           1         303
           2           1         304
           2           1         305
           2           0         304
           2           0         305
           2           0         306
           2           0         307
           2           1         306
           2           0         308
           2           1         307
           2           1         308
           2           1         309
           2           0         309
           2           0         310
           2           1         310
           2           1         311
           2           1         312
           2           1         313
           2           1         314
           2           0         311
           2           0         312
           2           0         313
           2           0         314
           2           1         315
           2           0         315
           2           0         316
           2           0         317
           2           1         316
           2           1         317
           2           1         318
           2           0         318
           2           0         319
           2           1         319
           2           1         320
           2           0         320
           2           0         321
           2           1         321
           2           1         322
           2           1         323
           2           0         322
           2           0         323
           2           1         324
           2           0         324
           2           0         325
           2           1         325
           2           1         326
           2           1         327
           2           0         326
           2           0         327
           2           0         328
           2           0         329
           2           1         328
           2           0         330
           2           1         329
           2           1         330
           2           0         331
           2           0         332
           2           1         331
           2           0         333
           2           1         332
           2           1         333
           2           0         334
           2           0         335
           2           1         334
           2           1         335
           2           1         336
           2           0         336
           2           0         337
           2           1         337
           2           1         338
           2           0         338
           2           0         339
           2           0         340
           2           1         339
           2           1         340
           2           0         341
           2           0         342
           2           1         341
           2           0         343
           2           1         342
           2           1         343
           2           0         344
           2           0         345
           2           1         344
           2           0         346
           2           0         347
           2           1         345
           2           1         346
           2           1         347
           2           1         348
           2           0         348
           2           1         349
           2           0         349
           2           0         350
           2           1         350
           2           1         351
           2           0         351
           2           0         352
           2           0         353
           2           1         352
           2           0         354
           2           0         355
           2           1         353
           2           1         354
           2           0         356
           2           1         355
           2           1         356
           2           1         357
           2           0         357
           2           0         358
           2           0         359
           2           1         358
           2           0         360
           2           1         359
           2           0         361
           2           0         362
           2           1         360
           2           1         361
           2           1         362
           2           1         363
           2           1         364
           2           0         363
           2           0         364
           2           1         365
           2           0         365
           2           0         366
           2           0         367
           2           1         366
           2           1         367
           2           1         368
           2           1         369
           2           0         368
           2           0         369
           2           1         370
           2           0         370
           2           0         371
           2           1         371
           2           1         372
           2           1         373
           2           0         372
           2           0         373
           2           0         374
           2           0         375
           2           1         374
           2           0         376
           2           0         377
           2           1         375
           2           1         376
           2           1         377
           2           0         378
           2           0         379
           2           1         378
           2           0         380
           2           0         381
           2           1         379
           2           1         380
           2           1         381
           2           0         382
           2           0         383
           2           1         382
           2           0         384
           2           0         385
           2           1         383
           2           1         384
           2           1         385
           2           0         386
           2           0         387
           2           1         386
           2           0         388
           2           0         389
           2           1         387
           2           1         388
           2           1         389
           2           0         390
           2           0         391
           2           1         390
           2           0         392
           2           0         393
           2           1         391
           2           1         392
           2           0         394
           2           0         395
           2           1         393
           2           1         394
           2           0         396
           2           0         397
           2           1         395
           2           1         396
           2           1         397
           2           1         398
           2           0         398
           2           0         399
           2           1         399
           2           1         400
           2           1         401
           2           0         400
           2           0         401
           2           1         402
           2           0         402
           2           0         403
           2           1         403
           2           1         404
           2           0         404
           2           0         405
           2           0         406
           2           1         405
           2           1         406
           2           1         407
           2           0         407
           2           0         408
           2           1         408
           2           1         409
           2           1         410
           2           1         411
           2           1         412
           2           1         413
           2           0         409
           2           0         410
           2           0         411
           2           0         412
           2           0         413
           2           0         414
           2           1         414
           2           1         415
           2           1         416
           2           0         415
           2           0         416
           2           0         417
           2           0         418
           2           1         417
           2           0         419
           2           1         418
           2           1         419
           2           1         420
           2           1         421
           2           0         420
           2           0         421
           2           0         422
           2           1         422
           2           1         423
           2           1         424
           2           0         423
           2           1         425
           2           0         424
           2           0         425
           2           0         426
           2           0         427
           2           1         426
           2           1         427
           2           1         428
           2           0         428
           2           0         429
           2           1         429
           2           1         430
           2           1         431
           2           0         430
           2           0         431
           2           1         432
           2           0         432
           2           0         433
           2           0         434
           2           1         433
           2           1         434
           2           1         435
           2           0         435
           2           0         436
           2           1         436
           2           1         437
           2           0         437
           2           0         438
           2           1         438
           2           1         439
           2           0         439
           2           0         440
           2           0         441
           2           1         440
           2           1         441
           2           1         442
           2           0         442
           2           1         443
           2           0         443
           2           0         444
           2           0         445
           2           0         446
           2           1         444
           2           1         445
           2           1         446
           2           1         447
           2           0         447
           2           0         448
           2           1         448
           2           0         449
           2           1         449
           2           1         450
           2           0         450
           2           0         451
           2           1         451
           2           1         452
           2           0         452
           2           1         453
           2           0         453
           2           0         454
           2           1         454
           2           1         455
           2           0         455
           2           0         456
           2           1         456
           2           1         457
           2           0         457
           2           1         458
           2           0         458
           2           0         459
           2           1         459
           2           0         460
           2           0         461
           2           0         462
           2           1         460
           2           1         461
           2           0         463
           2           1         462
           2           1         463
           2           0         464
           2           0         465
           2           1         464
           2           0         466
           2           1         465
           2           1         466
           2           1         467
           2           1         468
           2           1         469
           2           0         467
           2           0         468
           2           0         469
           2           0         470
           2           1         470
           2           1         471
           2           0         471
           2           0         472
           2           1         472
           2           1         473
           2           0         473
           2           0         474
           2           0         475
           2           1         474
           2           1         475
           2           1         476
           2           0         476
           2           1         477
           2           0         477
           2           0         478
           2           0         479
           2           1         478
           2           1         479
           2           1         480
           2           0         480
           2           0         481
           2           1         481
           2           0         482
           2           0         483
           2           1         482
           2           1         483
           2           1         484
           2           0         484
           2           1         485
           2           0         485
           2           0         486
           2           0         487
           2           1         486
           2           1         487
           2           1         488
           2           0         488
           2           0         489
           2           0         490
           2           1         489
           2           1         490
           2           0         491
           2           0         492
           2           0         493
           2           1         491
           2           1         492
           2           0         494
           2           0         495
           2           1         493
           2           1         494
           2           0         496
           2           1         495
           2           1         496
           2           0         497
           2           0         498
           2           1         497
           2           0         499
           2           1         498
           2           1         499
           2           1         500
           2           0         500
           2           0         501
           2           1         501
           2           1         502
           2           0         502
           2           0         503
           2           1         503
           2           1         504
           2           0         504
           2           0         505
           2           0         506
           2           1         505
           2           1         506
           2           1         507
           2           0         507
           2           1         508
           2           1         509
           2           0         508
           2           0         509
           2           0         510
           2           1         510
           2           1         511
           2           1         512
           2           0         511
           2           0         512
           2           1         513
           2           0         513
           2           0         514
           2           1         514
           2           1         515
           2           0         515
           2           1         516
           2           0         516
           2           0         517
           2           1         517
           2           1         518
           2           0         518
           2           0         519
           2           1         519
           2           1         520
           2           0         520
           2           1         521
           2           0         521
           2           1         522
           2           1         523
           2           0         522
           2           0         523
           2           0         524
           2           0         525
           2           1         524
           2           1         525
           2           0         526
           2           1         526
           2           1         527
           2           1         528
           2           1         529
           2           0         527
           2           0         528
           2           1         530
           2           0         529
           2           0         530
           2           0         531
           2           1         531
           2           1         532
           2           0         532
           2           1         533
           2           0         533
           2           0         534
           2           1         534
           2           1         535
           2           0         535
           2           0         536
           2           0         537
           2           1         536
           2           0         538
           2           0         539
           2           1         537
           2           1         538
           2           1         539
           2           1         540
           2           0         540
           2           0         541
           2           0         542
           2           1         541
           2           1         542
           2           1         543
           2           0         543
           2           0         544
           2           0         545
           2           1         544
           2           0         546
           2           0         547
           2           1         545
           2           1         546
           2           1         547
           2           0         548
           2           0         549
           2           1         548
           2           0         550
           2           1         549
           2           1         550
           2           1         551
           2           1         552
           2           0         551
           2           0         552
           2           1         553
           2           0         553
           2           0         554
           2           1         554
           2           0         555
           2           1         555
           2           1         556
           2           1         557
           2           0         556
           2           0         557
           2           0         558
           2           1         558
           2           0         559
           2           0         560
           2           0         561
           2           1         559
           2           1         560
           2           1         561
           2           0         562
           2           0         563
           2           1         562
           2           1         563
           2           1         564
           2           0         564
           2           1         565
           2           0         565
           2           0         566
           2           1         566
           2           1         567
           2           0         567
           2           0         568
           2           0         569
           2           1         568
           2           1         569
           2           0         570
           2           0         571
           2           1         570
           2           1         571
           2           1         572
           2           0         572
           2           0         573
           2           0         574
           2           1         573
           2           0         575
           2           0         576
           2           1         574
           2           1         575
           2           0         577
           2           0         578
           2           1         576
           2           1         577
           2           0         579
           2           0         580
           2           0         581
           2           0         582
           2           1         578
           2           1         579
           2           1         580
           2           1         581
           2           1         582
           2           1         583
           2           0         583
           2           1         584
           2           0         584
           2           0         585
           2           0         586
           2           0         587
           2           1         585
           2           1         586
           2           0         588
           2           1         587
           2           0         589
           2           0         590
           2           1         588
           2           1         589
           2           0         591
           2           1         590
           2           1         591
           2           1         592
           2           0         592
           2           0         593
           2           0         594
           2           1         593
           2           0         595
           2           1         594
           2           1         595
           2           0         596
           2           0         597
           2           1         596
           2           1         597
           2           1         598
           2           0         598
           2           0         599
           2           1         599
           2           0         600
           2           1         600
           2           0         601
           2           0         602
           2           1         601
           2           1         602
           2           1         603
           2           0         603
           2           0         604
           2           0         605
           2           1         604
           2           1         605
           2           0         606
           2           0         607
           2           1         606
           2           0         608
           2           0         609
           2           1         607
           2           1         608
           2           0         610
           2           1         609
           2           0         611
           2           0         612
           2           1         610
           2           1         611
           2           1         612
           2           0         613
           2           0         614
           2           1         613
           2           1         614
           2           1         615
           2           0         615
           2           1         616
           2           0         616
           2           0         617
           2           0         618
           2           0         619
           2           1         617
           2           1         618
           2           0         620
           2           1         619
           2           1         620
           2           1         621
           2           0         621
           2           1         622
           2           1         623
           2           0         622
           2           0         623
           2           1         624
           2           0         624
           2           0         625
           2           1         625
           2           1         626
           2           0         626
           2           0         627
           2           0         628
           2           1         627
           2           0         629
           2           0         630
           2           1         628
           2           1         629
           2           1         630
           2           1         631
           2           1         632
           2           1         633
           2           0         631
           2           0         632
           2           0         633
           2           1         634
           2           1         635
           2           0         634
           2           0         635
           2           0         636
           2           0         637
           2           1         636
           2           1         637
           2           1         638
           2           0         638
           2           0         639
           2           1         639
           2           1         640
           2           0         640
           2           0         641
           2           1         641
           2           1         642
           2           0         642
           2           0         643
           2           0         644
           2           1         643
           2           1         644
           2           1         645
           2           0         645
           2           1         646
           2           0         646
           2           0         647
           2           1         647
           2           1         648
           2           0         648
           2           0         649
           2           1         649
           2           1         650
           2           0         650
           2           0         651
           2           0         652
           2           1         651
           2           0         653
           2           1         652
           2           1         653
           2           0         654
           2           0         655
           2           1         654
           2           0         656
           2           1         655
           2           0         657
           2           0         658
           2           1         656
           2           1         657
           2           1         658
           2           0         659
           2           0         660
           2           1         659
           2           1         660
           2           1         661
           2           0         661
           2           0         662
           2           0         663
           2           1         662
           2           1         663
           2           1         664
           2           0         664
           2           0         665
           2           0         666
           2           1         665
           2           1         666
           2           1         667
           2           0         667
           2           0         668
           2           0         669
           2           1         668
           2           0         670
           2           0         671
           2           1         669
           2           1         670
           2           1         671
           2           0         672
           2           1         672
           2           1         673
           2           1         674
           2           1         675
           2           0         673
           2           0         674
           2           0         675
           2           0         676
           2           0         677
           2           1         676
           2           1         677
           2           1         678
           2           0         678
           2           0         679
           2           0         680
           2           1         679
           2           0         681
           2           1         680
           2           1         681
           2           1         682
           2           0         682
           2           0         683
           2           0         684
           2           1         683
           2           1         684
           2           0         685
           2           0         686
           2           1         685
           2           1         686
           2           1         687
           2           1         688
           2           0         687
           2           0         688
           2           1         689
           2           1         690
           2           0         689
           2           0         690
           2           0         691
           2           0         692
           2           1         691
           2           1         692
           2           1         693
           2           1         694
           2           0         693
           2           0         694
           2           0         695
           2           0         696
           2           1         695
           2           0         697
           2           1         696
           2           1         697
           2           1         698
           2           0         698
           2           0         699
           2           1         699
           2           0         700
           2           0         701
           2           1         700
           2           1         701
           2           1         702
           2           0         702
           2           0         703
           2           0         704
           2           1         703
           2           1         704
           2           0         705
           2           1         705
           2           1         706
           2           0         706
           2           0         707
           2           1         707
           2           1         708
           2           1         709
           2           0         708
           2           1         710
           2           0         709
           2           0         710
           2           0         711
           2           0         712
           2           1         711
           2           1         712
           2           1         713
           2           0         713
           2           1         714
           2           1         715
           2           0         714
           2           0         715
           2           1         716
           2           0         716
           2           0         717
           2           1         717
           2           1         718
           2           0         718
           2           1         719
           2           0         719
           2           0         720
           2           0         721
           2           1         720
           2           1         721
           2           1         722
           2           0         722
           2           0         723
           2           0         724
           2           1         723
           2           0         725
           2           1         724
           2           1         725
           2           0         726
           2           0         727
           2           1         726
           2           0         728
           2           1         727
           2           1         728
           2           0         729
           2           1         729
           2           0         730
           2           0         731
           2           1         730
           2           1         731
           2           0         732
           2           1         732
           2           0         733
           2           0         734
           2           1         733
           2           1         734
           2           0         735
           2           0         736
           2           0         737
           2           1         735
           2           1         736
           2           0         738
           2           1         737
           2           1         738
           2           1         739
           2           0         739
           2           0         740
           2           1         740
           2           1         741
           2           0         741
           2           1         742
           2           1         743
           2           0         742
           2           0         743
           2           1         744
           2           0         744
           2           1         745
           2           0         745
           2           0         746
           2           1         746
           2           1         747
           2           0         747
           2           0         748
           2           0         749
           2           1         748
           2           1         749
           2           1         750
           2           0         750
           2           0         751
           2           0         752
           2           1         751
           2           1         752
           2           1         753
           2           0         753
           2           0         754
           2           1         754
           2           1         755
           2           1         756
           2           0         755
           2           0         756
           2           0         757
           2           1         757
           2           1         758
           2           0         758
           2           0         759
           2           1         759
           2           1         760
           2           0         760
           2           0         761
           2           0         762
           2           1         761
           2           1         762
           2           1         763
           2           0         763
           2           1         764
           2           1         765
           2           0         764
           2           0         765
           2           0         766
           2           1         766
           2           1         767
           2           0         767
           2           1         768
           2           0         768
           2           0         769
           2           1         769
           2           1         770
           2           1         771
           2           0         770
           2           1         772
           2           0         771
           2           0         772
           2           0         773
           2           1         773
           2           1         774
           2           0         774
           2           0         775
           2           1         775
           2           0         776
           2           0         777
           2           1         776
           2           1         777
           2           1         778
           2           1         779
           2           0         778
           2           1         780
           2           0         779
           2           0         780
           2           0         781
           2           1         781
           2           1         782
           2           1         783
           2           0         782
           2           0         783
           2           1         784
           2           0         784
           2           0         785
           2           0         786
           2           1         785
           2           1         786
           2           0         787
           2           1         787
           2           0         788
           2           0         789
           2           1         788
           2           1         789
           2           0         790
           2           1         790
           2           1         791
           2           1         792
           2           0         791
           2           0         792
           2           1         793
           2           0         793
           2           1         794
           2           1         795
           2           0         794
           2           0         795
           2           1         796
           2           0         796
           2           0         797
           2           0         798
           2           1         797
           2           1         798
           2           1         799
           2           0         799
           2           0         800
           2           1         800
           2           1         801
           2           0         801
           2           0         802
           2           1         802
           2           0         803
           2           1         803
           2           1         804
           2           0         804
           2           1         805
           2           1         806
           2           0         805
           2           0         806
           2           1         807
           2           0         807
           2           0         808
           2           1         808
           2           1         809
           2           0         809
           2           0         810
           2           0         811
           2           1         810
           2           1         811
           2           1         812
           2           0         812
           2           0         813
           2           1         813
           2           0         814
           2           1         814
           2           1         815
           2           0         815
           2           1         816
           2           1         817
           2           0         816
           2           0         817
           2           1         818
           2           0         818
           2           0         819
           2           0         820
           2           1         819
           2           1         820
           2           0         821
           2           0         822
           2           1         821
           2           0         823
           2           0         824
           2           1         822
           2           1         823
           2           1         824
           2           1         825
           2           0         825
           2           1         826
           2           0         826
           2           1         827
           2           1         828
           2           0         827
           2           0         828
           2           1         829
           2           0         829
           2           0         830
           2           0         831
           2           1         830
           2           1         831
           2           0         832
           2           0         833
           2           0         834
           2           0         835
           2           1         832
           2           1         833
           2           1         834
           2           1         835
           2           0         836
           2           0         837
           2           1         836
           2           0         838
           2           1         837
           2           1         838
           2           0         839
           2           0         840
           2           1         839
           2           0         841
           2           1         840
           2           0         842
           2           0         843
           2           1         841
           2           1         842
           2           1         843
           2           1         844
           2           1         845
           2           0         844
           2           0         845
           2           0         846
           2           0         847
           2           1         846
           2           0         848
           2           1         847
           2           1         848
           2           0         849
           2           1         849
           2           0         850
           2           0         851
           2           1         850
           2           1         851
           2           0         852
           2           0         853
           2           1         852
           2           1         853
           2           0         854
           2           0         855
           2           1         854
           2           0         856
           2           0         857
           2           1         855
           2           1         856
           2           0         858
           2           1         857
           2           1         858
           2           0         859
           2           0         860
           2           1         859
           2           0         861
           2           1         860
           2           1         861
           2           1         862
           2           0         862
           2           0         863
           2           0         864
           2           1         863
           2           1         864
           2           0         865
           2           0         866
           2           1         865
           2           1         866
           2           1         867
           2           1         868
           2           0         867
           2           1         869
           2           0         868
           2           0         869
           2           0         870
           2           0         871
           2           1         870
           2           1         871
           2           1         872
           2           0         872
           2           0         873
           2           0         874
           2           1         873
           2           1         874
           2           0         875
           2           1         875
           2           0         876
           2           0         877
           2           1         876
           2           1         877
           2           0         878
           2           0         879
           2           1         878
           2           0         880
           2           1         879
           2           1         880
           2           0         881
           2           0         882
           2           1         881
           2           1         882
           2           1         883
           2           0         883
           2           1         884
           2           0         884
           2           0         885
           2           1         885
           2           1         886
           2           1         887
           2           1         888
           2           1         889
           2           0         886
           2           0         887
           2           0         888
           2           0         889
           2           0         890
           2           0         891
           2           1         890
           2           0         892
           2           0         893
           2           1         891
           2           1         892
           2           1         893
           2           0         894
           2           1         894
           2           1         895
           2           0         895
           2           0         896
           2           1         896
           2           1         897
           2           0         897
           2           0         898
           2           1         898
           2           1         899
           2           0         899
           2           0         900
           2           1         900
           2           1         901
           2           1         902
           2           0         901
           2           0         902
           2           0         903
           2           0         904
           2           1         903
           2           1         904
           2           1         905
           2           0         905
           2           1         906
           2           0         906
           2           0         907
           2           0         908
           2           1         907
           2           1         908
           2           1         909
           2           1         910
           2           1         911
           2           1         912
           2           0         909
           2           0         910
           2           0         911
           2           0         912
           2           0         913
           2           0         914
           2           0         915
           2           1         913
           2           1         914
           2           1         915
           2           1         916
           2           0         916
           2           0         917
           2           1         917
           2           1         918
           2           0         918
           2           0         919
           2           1         919
           2           0         920
           2           0         921
           2           0         922
           2           1         920
           2           1         921
           2           1         922
           2           1         923
           2           1         924
           2           0         923
           2           0         924
           2           0         925
           2           1         925
           2           0         926
           2           0         927
           2           1         926
           2           1         927
           2           1         928
           2           0         928
           2           1         929
           2           1         930
           2           0         929
           2           0         930
           2           1         931
           2           0         931
           2           1         932
           2           1         933
           2           0         932
           2           0         933
           2           0         934
           2           1         934
           2           1         935
           2           1         936
           2           0         935
           2           0         936
           2           0         937
           2           1         937
           2           0         938
           2           1         938
           2           0         939
           2           1         939
           2           1         940
           2           0         940
           2           1         941
           2           1         942
           2           0         941
           2           0         942
           2           0         943
           2           0         944
           2           1         943
           2           0         945
           2           1         944
           2           1         945
           2           0         946
           2           0         947
           2           1         946
           2           0         948
           2           0         949
           2           1         947
           2           1         948
           2           0         950
           2           1         949
           2           0         951
           2           0         952
           2           1         950
           2           1         951
           2           0         953
           2           1         952
           2           1         953
           2           1         954
           2           0         954
           2           0         955
           2           1         955
           2           1         956
           2           0         956
           2           0         957
           2           0         958
           2           1         957
           2           1         958
           2           1         959
           2           0         959
           2           0         960
           2           1         960
           2           1         961
           2           1         962
           2           0         961
           2           0         962
           2           0         963
           2           1         963
           2           1         964
           2           0         964
           2           1         965
           2           1         966
           2           0         965
           2           0         966
           2           1         967
           2           0         967
           2           0         968
           2           0         969
           2           1         968
           2           1         969
           2           0         970
           2           0         971
           2           1         970
           2           0         972
           2           1         971
           2           1         972
           2           1         973
           2           0         973
           2           0         974
           2           1         974
           2           0         975
           2           0         976
           2           1         975
           2           0         977
           2           1         976
           2           1         977
           2           1         978
           2           0         978
           2           0         979
           2           1         979
           2           1         980
           2           0         980
           2           0         981
           2           1         981
           2           1         982
           2           1         983
           2           0         982
           2           1         984
           2           0         983
           2           0         984
           2           1         985
           2           0         985
           2           0         986
           2           0         987
           2           0         988
           2           1         986
           2           1         987
           2           1         988
           2           0         989
           2           1         989
           2           0         990
           2           0         991
           2           0         992
           2           1         990
           2           1         991
           2           1         992
           2           1         993
           2           0         993
           2           0         994
           2           0         995
           2           1         994
           2           1         995
           2           0         996
           2           1         996
           2           0         997
           2           0         998
           2           1         997
           2           1         998
           2           0         999
           2           0        1000
           2           1         999
           2           1        1000
           2           0        1001
           2           1        1001
           2           1        1002
           2           1        1003
           2           0        1002
           2           0        1003
           2           1        1004
           2           0        1004
           2           1        1005
           2           1        1006
           2           0        1005
           2           0        1006
