1      0.9887695312E-01     151180965.5    
2      0.4934716225E-01     151180965.5    
3      0.3972601891E-01     151180965.5    
4      0.2667403221E-01     151180965.5    
5      0.3552317619E-01     151180965.5    
6      0.2524495125E-01     151180965.5    
7      0.2961683273E-01     151180965.5    
8      0.2718210220E-01     151180965.5    
9      0.2047419548E-01     151180965.5    
10      0.3240203857E-01     151180965.5    
11      0.2413415909E-01     151180965.5    
12      0.2139496803E-01     151180965.5    
13      0.2194404602E-01     151180965.5    
14      0.3614497185E-01     151180965.5    
15      0.2712416649E-01     151180965.5    
16      0.2070403099E-01     151180965.5    
17      0.3082990646E-01     151180965.5    
18      0.2479887009E-01     151180965.5    
19      0.2186012268E-01     151180965.5    
20      0.2220892906E-01     151180965.5    
