           2   2.7179718017578125E-005
           3   6.6995620727539062E-005
           4   7.9870223999023438E-005
           5   8.5115432739257812E-005
           6   1.0895729064941406E-004
           7   1.4009475708007812E-003
           8   3.9792060852050781E-004
           9   8.2015991210937500E-005
          10   3.9386749267578125E-004
          11   8.6069107055664062E-005
          12   8.6069107055664062E-005
          13   4.2200088500976562E-004
          14   7.3504447937011719E-004
          15   5.0067901611328125E-005
          16   2.6609897613525391E-003
          17   3.8561820983886719E-003
          18   4.0292739868164062E-004
          19   3.4520626068115234E-003
          20   4.1699409484863281E-003
          21   5.0411224365234375E-003
          22   5.6409835815429688E-003
          23   4.2486190795898438E-004
          24   1.1125087738037109E-002
           2   7.2002410888671875E-005
           3   6.6041946411132812E-005
           4   8.0108642578125000E-005
           5   8.2015991210937500E-005
           6   9.4890594482421875E-005
           7   1.1706352233886719E-004
           8   4.2915344238281250E-005
           9   4.0793418884277344E-004
          10   4.3416023254394531E-004
          11   3.4713745117187500E-004
          12   2.3198127746582031E-004
          13   6.4897537231445312E-004
          14   1.4219284057617188E-003
          15   3.2260417938232422E-003
          16   3.4689903259277344E-004
          17   6.0081481933593750E-005
          18   4.5394897460937500E-004
          19   4.2510032653808594E-004
          20   3.2114982604980469E-004
          21   5.8500766754150391E-003
          22   1.7991065979003906E-002
          23   3.3795118331909180E-002
          24   8.8219642639160156E-003
           2   4.1961669921875000E-005
           3   7.3909759521484375E-005
           4   8.3923339843750000E-005
           5   1.1706352233886719E-004
           6   1.1992454528808594E-004
           7   8.5830688476562500E-005
           8   4.7302246093750000E-004
           9   3.7002563476562500E-004
          10   4.3416023254394531E-004
          11   6.2012672424316406E-004
          12   1.5780925750732422E-003
          13   3.8313865661621094E-004
          14   1.3959407806396484E-003
          15   3.2238960266113281E-003
          16   3.3369064331054688E-003
          17   1.3909339904785156E-003
          18   3.3640861511230469E-003
          19   4.1699409484863281E-004
          20   2.5415420532226562E-004
          21   5.9127807617187500E-005
          22   2.6893615722656250E-004
          23   7.9011917114257812E-004
          24   8.5630416870117188E-003
           2   5.1975250244140625E-005
           3   6.7949295043945312E-005
           4   2.8460025787353516E-003
           5   8.7022781372070312E-005
           6   9.7036361694335938E-005
           7   1.1587142944335938E-004
           8   6.7090988159179688E-004
           9   8.8930130004882812E-005
          10   4.5204162597656250E-004
          11   4.0698051452636719E-004
          12   3.9069652557373047E-003
          13   2.7489662170410156E-004
          14   4.2009353637695312E-004
          15   5.1975250244140625E-005
          16   3.4949779510498047E-003
          17   1.8630027770996094E-003
          18   4.0550231933593750E-003
          19   4.5204162597656250E-004
          20   3.2591819763183594E-004
          21   4.8749446868896484E-003
          22   4.0860176086425781E-003
          23   6.4051151275634766E-003
          24   2.9897689819335938E-004
           2   6.7949295043945312E-005
           3   4.9114227294921875E-005
           4   7.7009201049804688E-005
           5   8.7022781372070312E-005
           6   9.7990036010742188E-005
           7   1.8000602722167969E-004
           8   4.4107437133789062E-005
           9   5.1021575927734375E-005
          10   2.6018619537353516E-003
          11   4.0912628173828125E-004
          12   6.8283081054687500E-004
          13   4.0719509124755859E-003
          14   5.1975250244140625E-005
          15   5.1975250244140625E-005
          16   2.5796890258789062E-004
          17   6.1035156250000000E-005
          18   2.5796890258789062E-004
          19   2.8300285339355469E-004
          20   3.2901763916015625E-004
          21   2.6488304138183594E-004
          22   5.6130886077880859E-003
          23   7.7009201049804688E-005
          24   2.7894973754882812E-004
           2   3.8862228393554688E-005
           3   4.4822692871093750E-005
           4   7.7009201049804688E-005
           5   9.7489356994628906E-004
           6   9.7990036010742188E-005
           7   7.0095062255859375E-005
           8   4.3153762817382812E-005
           9   6.1988830566406250E-005
          10   6.0081481933593750E-005
          11   6.1035156250000000E-005
          12   5.0067901611328125E-005
          13   2.5320053100585938E-004
          14   5.1021575927734375E-005
          15   5.9843063354492188E-005
          16   2.5639533996582031E-003
          17   1.5869140625000000E-003
          18   9.4890594482421875E-005
          19   5.6540966033935547E-003
          20   4.7612190246582031E-004
          21   3.7958621978759766E-003
          22   2.9397010803222656E-004
          23   7.6141357421875000E-003
          24   1.2572050094604492E-002
           2   4.1007995605468750E-005
           3   6.6995620727539062E-005
           4   7.4863433837890625E-005
           5   8.3923339843750000E-005
           6   6.2942504882812500E-005
           7   1.9598007202148438E-004
           8   4.2915344238281250E-005
           9   5.5074691772460938E-005
          10   4.1604042053222656E-004
          11   8.3923339843750000E-005
          12   5.1307678222656250E-004
          13   4.5800209045410156E-004
          14   5.4907798767089844E-004
          15   2.6819705963134766E-003
          16   8.2397460937500000E-004
          17   5.1379203796386719E-003
          18   3.9157867431640625E-003
          19   3.3869743347167969E-003
          20   4.3480396270751953E-003
          21   2.7394294738769531E-004
          22   8.9502334594726562E-004
          23   2.6416778564453125E-004
          24   2.1948814392089844E-003
           2   4.1007995605468750E-005
           3   4.9114227294921875E-005
           4   5.1021575927734375E-005
           5   1.7285346984863281E-004
           6   9.7990036010742188E-005
           7   1.0998249053955078E-003
           8   1.0108947753906250E-004
           9   4.2891502380371094E-004
          10   5.1021575927734375E-005
          11   5.1975250244140625E-005
          12   5.1021575927734375E-005
          13   4.9829483032226562E-005
          14   1.3358592987060547E-003
          15   2.6702880859375000E-004
          16   1.6269683837890625E-003
          17   8.3112716674804688E-004
          18   6.0081481933593750E-005
          19   4.0991306304931641E-003
          20   5.4099559783935547E-003
          21   3.7789344787597656E-004
          22   2.8429031372070312E-003
          23   2.8920173645019531E-004
          24   3.5309791564941406E-003
           2   1.7285346984863281E-004
           3   1.8692016601562500E-004
           4   5.1975250244140625E-005
           5   7.1048736572265625E-005
           6   6.1988830566406250E-005
           7   1.1897087097167969E-004
           8   3.4904479980468750E-004
           9   6.1988830566406250E-005
          10   8.2015991210937500E-005
          11   5.6028366088867188E-005
          12   5.0067901611328125E-005
          13   2.7203559875488281E-004
          14   3.5095214843750000E-004
          15   5.6028366088867188E-005
          16   5.5074691772460938E-005
          17   4.7090053558349609E-003
          18   3.0803680419921875E-004
          19   5.1391124725341797E-003
          20   4.9908161163330078E-003
          21   2.8896331787109375E-004
          22   3.8886070251464844E-004
          23   2.9087066650390625E-004
          24   3.9360523223876953E-003
           2   6.5088272094726562E-005
           3   5.2213668823242188E-005
           4   9.2983245849609375E-005
           5   5.8889389038085938E-005
           6   1.0418891906738281E-004
           7   2.1195411682128906E-004
           8   6.5803527832031250E-005
           9   3.7908554077148438E-004
          10   3.9386749267578125E-004
          11   3.0398368835449219E-004
          12   5.2928924560546875E-005
          13   5.1975250244140625E-005
          14   6.0081481933593750E-005
          15   5.3167343139648438E-005
          16   4.2510032653808594E-004
          17   3.6621093750000000E-003
          18   4.1508674621582031E-004
          19   5.3410530090332031E-003
          20   4.2431354522705078E-003
          21   5.2142143249511719E-003
          22   5.6531429290771484E-003
          23   8.1629753112792969E-003
          24   8.0718994140625000E-003
           2   2.8848648071289062E-005
           3   7.5101852416992188E-005
           4   5.1021575927734375E-005
           5   8.1062316894531250E-005
           6   6.6041946411132812E-005
           7   6.9141387939453125E-005
           8   4.6968460083007812E-005
           9   4.9901008605957031E-004
          10   5.0067901611328125E-005
          11   2.1619796752929688E-003
          12   9.1099739074707031E-004
          13   6.1035156250000000E-005
          14   5.1975250244140625E-005
          15   2.5701522827148438E-004
          16   2.6392936706542969E-004
          17   2.5606155395507812E-004
          18   1.8379688262939453E-003
          19   1.6899108886718750E-003
          20   3.8504600524902344E-004
          21   3.1368732452392578E-003
          22   6.4489841461181641E-003
          23   5.6920051574707031E-003
          24   3.2100677490234375E-003
           2   4.2915344238281250E-005
           3   7.6055526733398438E-005
           4   7.9870223999023438E-005
           5   8.5830688476562500E-005
           6   1.0180473327636719E-004
           7   6.8902969360351562E-005
           8   4.7206878662109375E-004
           9   5.1975250244140625E-005
          10   3.8790702819824219E-004
          11   8.3923339843750000E-005
          12   3.7097930908203125E-004
          13   5.4693222045898438E-004
          14   4.0411949157714844E-004
          15   6.7470073699951172E-003
          16   2.6106834411621094E-004
          17   2.7894973754882812E-004
          18   5.1960945129394531E-003
          19   4.8208236694335938E-004
          20   1.3589859008789062E-004
          21   5.6004524230957031E-004
          22   7.5550079345703125E-003
          23   1.3695955276489258E-002
          24   7.7290534973144531E-003
           2   2.6941299438476562E-005
           3   6.6995620727539062E-005
           4   8.0108642578125000E-005
           5   8.3208084106445312E-005
           6   9.9897384643554688E-005
           7   1.2016296386718750E-004
           8   4.8875808715820312E-005
           9   5.1975250244140625E-005
          10   1.7960071563720703E-003
          11   3.8003921508789062E-004
          12   4.5609474182128906E-004
          13   1.1940002441406250E-003
          14   2.3510456085205078E-003
          15   5.2118301391601562E-004
          16   2.4719238281250000E-003
          17   4.2479038238525391E-003
          18   6.3598155975341797E-003
          19   4.9510002136230469E-003
          20   2.0551681518554688E-003
          21   2.8300285339355469E-004
          22   5.2700042724609375E-003
          23   8.3839893341064453E-003
          24   4.1329860687255859E-003
           2   3.6001205444335938E-005
           3   6.6995620727539062E-005
           4   7.6055526733398438E-005
           5   8.6784362792968750E-005
           6   1.0013580322265625E-004
           7   1.2302398681640625E-004
           8   3.7288665771484375E-004
           9   1.2829303741455078E-003
          10   1.2311935424804688E-003
          11   5.1498413085937500E-004
          12   3.9577484130859375E-004
          13   5.5217742919921875E-004
          14   1.0788440704345703E-003
          15   1.7499923706054688E-003
          16   3.8886070251464844E-004
          17   9.3941688537597656E-003
          18   3.1108856201171875E-003
          19   9.5844268798828125E-005
          20   3.7679672241210938E-003
          21   5.9850215911865234E-003
          22   6.1130523681640625E-003
          23   3.6938190460205078E-003
          24   7.9894065856933594E-004
           2   4.1961669921875000E-005
           3   7.3909759521484375E-005
           4   7.8916549682617188E-005
           5   8.7976455688476562E-005
           6   1.0204315185546875E-004
           7   1.1897087097167969E-004
           8   3.7193298339843750E-004
           9   1.0180473327636719E-004
          10   4.1985511779785156E-004
          11   5.2928924560546875E-005
          12   5.2928924560546875E-005
          13   5.5074691772460938E-005
          14   2.5439262390136719E-003
          15   1.5408992767333984E-003
          16   3.9229393005371094E-003
          17   2.7351379394531250E-003
          18   3.0789375305175781E-003
          19   4.3470859527587891E-003
          20   7.8160762786865234E-003
          21   1.3208389282226562E-004
          22   2.9180049896240234E-003
          23   7.5500011444091797E-003
          24   2.8300285339355469E-004
           2   4.1961669921875000E-005
           3   4.4107437133789062E-005
           4   5.9127807617187500E-005
           5   8.8930130004882812E-005
           6   9.3936920166015625E-005
           7   7.2002410888671875E-005
           8   4.5061111450195312E-005
           9   3.7097930908203125E-004
          10   8.3208084106445312E-005
          11   4.3702125549316406E-004
          12   4.5800209045410156E-004
          13   1.3229846954345703E-003
          14   3.8194656372070312E-004
          15   1.0991096496582031E-004
          16   4.0678977966308594E-003
          17   1.2960433959960938E-003
          18   1.1897087097167969E-004
          19   2.7990341186523438E-004
          20   5.0129890441894531E-003
          21   4.9970149993896484E-003
          22   6.3931941986083984E-003
          23   2.2439956665039062E-003
          24   1.0372877120971680E-002
           2   7.0095062255859375E-005
           3   5.1975250244140625E-005
           4   8.4877014160156250E-005
           5   5.6028366088867188E-005
           6   6.9141387939453125E-005
           7   7.2002410888671875E-005
           8   4.4989585876464844E-004
           9   3.7693977355957031E-004
          10   5.1283836364746094E-004
          11   3.4594535827636719E-004
          12   7.1096420288085938E-004
          13   3.8313865661621094E-004
          14   2.3794174194335938E-004
          15   4.0817260742187500E-004
          16   1.4908313751220703E-003
          17   5.9127807617187500E-005
          18   4.2908191680908203E-003
          19   1.5330314636230469E-003
          20   5.0911903381347656E-003
          21   5.7289600372314453E-003
          22   5.3470134735107422E-003
          23   3.2060146331787109E-003
          24   3.0570030212402344E-003
